Release 13.2 - xst O.61xd (lin64)
Copyright (c) 1995-2011 Xilinx, Inc.  All rights reserved.
--> 
Parameter TMPDIR set to xst/projnav.tmp


Total REAL time to Xst completion: 1.00 secs
Total CPU time to Xst completion: 0.03 secs
 
--> 
Parameter xsthdpdir set to xst


Total REAL time to Xst completion: 1.00 secs
Total CPU time to Xst completion: 0.03 secs
 
--> 
Reading design: calcSAD.prj

TABLE OF CONTENTS
  1) Synthesis Options Summary
  2) HDL Parsing
  3) HDL Elaboration
  4) HDL Synthesis
       4.1) HDL Synthesis Report
  5) Advanced HDL Synthesis
       5.1) Advanced HDL Synthesis Report
  6) Low Level Synthesis
  7) Partition Report
  8) Design Summary
       8.1) Primitive and Black Box Usage
       8.2) Device utilization summary
       8.3) Partition Resource Summary
       8.4) Timing Report
            8.4.1) Clock Information
            8.4.2) Asynchronous Control Signals Information
            8.4.3) Timing Summary
            8.4.4) Timing Details
            8.4.5) Cross Clock Domains Report


=========================================================================
*                      Synthesis Options Summary                        *
=========================================================================
---- Source Parameters
Input File Name                    : "calcSAD.prj"
Input Format                       : mixed
Ignore Synthesis Constraint File   : NO

---- Target Parameters
Output File Name                   : "calcSAD"
Output Format                      : NGC
Target Device                      : xc6slx4-3-tqg144

---- Source Options
Top Module Name                    : calcSAD
Automatic FSM Extraction           : YES
FSM Encoding Algorithm             : Auto
Safe Implementation                : No
FSM Style                          : LUT
RAM Extraction                     : Yes
RAM Style                          : Auto
ROM Extraction                     : Yes
Shift Register Extraction          : YES
ROM Style                          : Auto
Resource Sharing                   : YES
Asynchronous To Synchronous        : NO
Shift Register Minimum Size        : 2
Use DSP Block                      : Auto
Automatic Register Balancing       : No

---- Target Options
LUT Combining                      : Auto
Reduce Control Sets                : Auto
Add IO Buffers                     : YES
Global Maximum Fanout              : 100000
Add Generic Clock Buffer(BUFG)     : 16
Register Duplication               : YES
Optimize Instantiated Primitives   : NO
Use Clock Enable                   : Auto
Use Synchronous Set                : Auto
Use Synchronous Reset              : Auto
Pack IO Registers into IOBs        : Auto
Equivalent register Removal        : YES

---- General Options
Optimization Goal                  : Speed
Optimization Effort                : 1
Power Reduction                    : NO
Keep Hierarchy                     : No
Netlist Hierarchy                  : As_Optimized
RTL Output                         : Yes
Global Optimization                : AllClockNets
Read Cores                         : YES
Write Timing Constraints           : NO
Cross Clock Analysis               : NO
Hierarchy Separator                : /
Bus Delimiter                      : <>
Case Specifier                     : Maintain
Slice Utilization Ratio            : 100
BRAM Utilization Ratio             : 100
DSP48 Utilization Ratio            : 100
Auto BRAM Packing                  : NO
Slice Utilization Ratio Delta      : 5

=========================================================================


=========================================================================
*                          HDL Parsing                                  *
=========================================================================
Parsing VHDL file "/home/brunno/Documents/vhdl/calcSAD/teste.vhd" into library work
Parsing package <teste>.
Parsing package body <teste>.
Parsing VHDL file "/home/brunno/Documents/vhdl/calcSAD/genericSub.vhd" into library work
Parsing entity <genericSub>.
Parsing architecture <Behavioral> of entity <genericsub>.
Parsing VHDL file "/home/brunno/Documents/vhdl/calcSAD/genericAdder.vhd" into library work
Parsing entity <genericAdder>.
Parsing architecture <Behavioral> of entity <genericadder>.
Parsing VHDL file "/home/brunno/Documents/vhdl/calcSAD/calcSAD.vhd" into library work
Parsing entity <calcSAD>.
Parsing architecture <Behavioral> of entity <calcsad>.

=========================================================================
*                            HDL Elaboration                            *
=========================================================================

Elaborating entity <calcSAD> (architecture <Behavioral>) from library <work>.

Elaborating entity <genericSub> (architecture <Behavioral>) from library <work>.

Elaborating entity <genericAdder> (architecture <Behavioral>) with generics from library <work>.

Elaborating entity <genericAdder> (architecture <Behavioral>) with generics from library <work>.

Elaborating entity <genericAdder> (architecture <Behavioral>) with generics from library <work>.

Elaborating entity <genericAdder> (architecture <Behavioral>) with generics from library <work>.

=========================================================================
*                           HDL Synthesis                               *
=========================================================================

Synthesizing Unit <calcSAD>.
    Related source file is "/home/brunno/Documents/vhdl/calcSAD/calcSAD.vhd".
WARNING:Xst:647 - Input <en> is never used. This port will be preserved and left unconnected if it belongs to a top-level block or it belongs to a sub-block and the hierarchy of this sub-block is preserved.
    Summary:
	no macro.
Unit <calcSAD> synthesized.

Synthesizing Unit <genericSub>.
    Related source file is "/home/brunno/Documents/vhdl/calcSAD/genericSub.vhd".
    Found 8-bit subtractor for signal <c> created at line 39.
    Summary:
	inferred   1 Adder/Subtractor(s).
Unit <genericSub> synthesized.

Synthesizing Unit <genericAdder_1>.
    Related source file is "/home/brunno/Documents/vhdl/calcSAD/genericAdder.vhd".
        widthX = 8
WARNING:Xst:653 - Signal <c<8>> is used but never assigned. This sourceless signal will be automatically connected to value GND.
    Found 8-bit adder for signal <c<7:0>> created at line 47.
    Summary:
	inferred   1 Adder/Subtractor(s).
Unit <genericAdder_1> synthesized.

Synthesizing Unit <genericAdder_2>.
    Related source file is "/home/brunno/Documents/vhdl/calcSAD/genericAdder.vhd".
        widthX = 9
WARNING:Xst:653 - Signal <c<9>> is used but never assigned. This sourceless signal will be automatically connected to value GND.
    Found 9-bit adder for signal <c<8:0>> created at line 47.
    Summary:
	inferred   1 Adder/Subtractor(s).
Unit <genericAdder_2> synthesized.

Synthesizing Unit <genericAdder_3>.
    Related source file is "/home/brunno/Documents/vhdl/calcSAD/genericAdder.vhd".
        widthX = 10
WARNING:Xst:653 - Signal <c<10>> is used but never assigned. This sourceless signal will be automatically connected to value GND.
    Found 10-bit adder for signal <c<9:0>> created at line 47.
    Summary:
	inferred   1 Adder/Subtractor(s).
Unit <genericAdder_3> synthesized.

Synthesizing Unit <genericAdder_4>.
    Related source file is "/home/brunno/Documents/vhdl/calcSAD/genericAdder.vhd".
        widthX = 11
WARNING:Xst:653 - Signal <c<11>> is used but never assigned. This sourceless signal will be automatically connected to value GND.
    Found 11-bit adder for signal <c<10:0>> created at line 47.
    Summary:
	inferred   1 Adder/Subtractor(s).
Unit <genericAdder_4> synthesized.

=========================================================================
HDL Synthesis Report

Macro Statistics
# Adders/Subtractors                                   : 31
 10-bit adder                                          : 2
 11-bit adder                                          : 1
 8-bit adder                                           : 8
 8-bit subtractor                                      : 16
 9-bit adder                                           : 4

=========================================================================

=========================================================================
*                       Advanced HDL Synthesis                          *
=========================================================================


=========================================================================
Advanced HDL Synthesis Report

Macro Statistics
# Adders/Subtractors                                   : 31
 10-bit adder                                          : 2
 11-bit adder                                          : 1
 8-bit adder                                           : 8
 8-bit subtractor                                      : 16
 9-bit adder                                           : 4

=========================================================================

=========================================================================
*                         Low Level Synthesis                           *
=========================================================================

Optimizing unit <calcSAD> ...

Mapping all equations...
Building and optimizing final netlist ...
Found area constraint ratio of 100 (+ 5) on block calcSAD, actual ratio is 12.

Final Macro Processing ...

=========================================================================
Final Register Report

Found no macro
=========================================================================

=========================================================================
*                           Partition Report                            *
=========================================================================

Partition Implementation Status
-------------------------------

  No Partitions were found in this design.

-------------------------------

=========================================================================
*                            Design Summary                             *
=========================================================================

Top Level Output File Name         : calcSAD.ngc

Primitive and Black Box Usage:
------------------------------
# BELS                             : 584
#      GND                         : 1
#      LUT2                        : 92
#      LUT3                        : 80
#      LUT4                        : 80
#      MUXCY                       : 156
#      VCC                         : 1
#      XORCY                       : 174
# IO Buffers                       : 268
#      IBUF                        : 256
#      OBUF                        : 12

Device utilization summary:
---------------------------

Selected Device : 6slx4tqg144-3 


Slice Logic Utilization: 
 Number of Slice LUTs:                  252  out of   2400    10%  
    Number used as Logic:               252  out of   2400    10%  

Slice Logic Distribution: 
 Number of LUT Flip Flop pairs used:    252
   Number with an unused Flip Flop:     252  out of    252   100%  
   Number with an unused LUT:             0  out of    252     0%  
   Number of fully used LUT-FF pairs:     0  out of    252     0%  
   Number of unique control sets:         0

IO Utilization: 
 Number of IOs:                         269
 Number of bonded IOBs:                 268  out of    102   262% (*) 

Specific Feature Utilization:

WARNING:Xst:1336 -  (*) More than 100% of Device resources are used

---------------------------
Partition Resource Summary:
---------------------------

  No Partitions were found in this design.

---------------------------


=========================================================================
Timing Report

NOTE: THESE TIMING NUMBERS ARE ONLY A SYNTHESIS ESTIMATE.
      FOR ACCURATE TIMING INFORMATION PLEASE REFER TO THE TRACE REPORT
      GENERATED AFTER PLACE-and-ROUTE.

Clock Information:
------------------
No clock signals found in this design

Asynchronous Control Signals Information:
----------------------------------------
No asynchronous control signals found in this design

Timing Summary:
---------------
Speed Grade: -3

   Minimum period: No path found
   Minimum input arrival time before clock: No path found
   Maximum output required time after clock: No path found
   Maximum combinational path delay: 12.180ns

Timing Details:
---------------
All values displayed in nanoseconds (ns)

=========================================================================
Timing constraint: Default path analysis
  Total number of paths / destination ports: 775587 / 11
-------------------------------------------------------------------------
Delay:               12.180ns (Levels of Logic = 21)
  Source:            matA<0><0><0> (PAD)
  Destination:       S<10> (PAD)

  Data Path: matA<0><0><0> to S<10>
                                Gate     Net
    Cell:in->out      fanout   Delay   Delay  Logical Name (Net Name)
    ----------------------------------------  ------------
     IBUF:I->O             1   1.222   0.684  matA_0__0__0_IBUF (matA_0__0__0_IBUF)
     LUT2:I0->O            1   0.203   0.000  gen0[0].gen01[0].subX/Msub_c_lut<0> (gen0[0].gen01[0].subX/Msub_c_lut<0>)
     MUXCY:S->O            1   0.172   0.000  gen0[0].gen01[0].subX/Msub_c_cy<0> (gen0[0].gen01[0].subX/Msub_c_cy<0>)
     MUXCY:CI->O           1   0.019   0.000  gen0[0].gen01[0].subX/Msub_c_cy<1> (gen0[0].gen01[0].subX/Msub_c_cy<1>)
     MUXCY:CI->O           1   0.019   0.000  gen0[0].gen01[0].subX/Msub_c_cy<2> (gen0[0].gen01[0].subX/Msub_c_cy<2>)
     MUXCY:CI->O           1   0.019   0.000  gen0[0].gen01[0].subX/Msub_c_cy<3> (gen0[0].gen01[0].subX/Msub_c_cy<3>)
     XORCY:CI->O           2   0.180   0.617  gen0[0].gen01[0].subX/Msub_c_xor<4> (subVec<0><4>)
     LUT3:I2->O            1   0.205   0.580  gen1[0].gen2[0].gen3.add0/Madd_c<7:0>4 (gen1[0].gen2[0].gen3.add0/Madd_c<7:0>4)
     LUT4:I3->O            1   0.205   0.000  gen1[0].gen2[0].gen3.add0/Madd_c<7:0>_lut<0>5 (gen1[0].gen2[0].gen3.add0/Madd_c<7:0>_lut<0>5)
     MUXCY:S->O            1   0.172   0.000  gen1[0].gen2[0].gen3.add0/Madd_c<7:0>_cy<0>_4 (gen1[0].gen2[0].gen3.add0/Madd_c<7:0>_cy<0>5)
     XORCY:CI->O           1   0.180   0.684  gen1[0].gen2[0].gen3.add0/Madd_c<7:0>_xor<0>_5 (c<0><0><6>)
     LUT2:I0->O            1   0.203   0.000  gen1[1].gen2[0].gen4.addx/Madd_c<8:0>_lut<6> (gen1[1].gen2[0].gen4.addx/Madd_c<8:0>_lut<6>)
     MUXCY:S->O            1   0.172   0.000  gen1[1].gen2[0].gen4.addx/Madd_c<8:0>_cy<6> (gen1[1].gen2[0].gen4.addx/Madd_c<8:0>_cy<6>)
     XORCY:CI->O           2   0.180   0.617  gen1[1].gen2[0].gen4.addx/Madd_c<8:0>_xor<7> (c<1><0><7>)
     LUT3:I2->O            1   0.205   0.684  gen1[2].gen2[0].gen4.addx/Madd_c<9:0>7 (gen1[2].gen2[0].gen4.addx/Madd_c<9:0>7)
     LUT2:I0->O            1   0.203   0.000  gen1[2].gen2[0].gen4.addx/Madd_c<9:0>_lut<0>8 (gen1[2].gen2[0].gen4.addx/Madd_c<9:0>_lut<0>8)
     MUXCY:S->O            0   0.172   0.000  gen1[2].gen2[0].gen4.addx/Madd_c<9:0>_cy<0>_7 (gen1[2].gen2[0].gen4.addx/Madd_c<9:0>_cy<0>8)
     XORCY:CI->O           1   0.180   0.684  gen1[2].gen2[0].gen4.addx/Madd_c<9:0>_xor<0>_8 (c<2><0><9>)
     LUT2:I0->O            1   0.203   0.000  gen1[3].gen2[0].gen5.addF/Madd_c<10:0>_lut<9> (gen1[3].gen2[0].gen5.addF/Madd_c<10:0>_lut<9>)
     MUXCY:S->O            1   0.366   0.579  gen1[3].gen2[0].gen5.addF/Madd_c<10:0>_cy<9> (gen1[3].gen2[0].gen5.addF/Madd_c<10:0>_cy<9>)
     OBUF:I->O                 2.571          S_10_OBUF (S<10>)
    ----------------------------------------
    Total                     12.180ns (7.051ns logic, 5.129ns route)
                                       (57.9% logic, 42.1% route)

=========================================================================

Cross Clock Domains Report:
--------------------------

=========================================================================


Total REAL time to Xst completion: 7.00 secs
Total CPU time to Xst completion: 5.01 secs
 
--> 


Total memory usage is 273728 kilobytes

Number of errors   :    0 (   0 filtered)
Number of warnings :    6 (   0 filtered)
Number of infos    :    0 (   0 filtered)

